Using pre-set license
Built from '2020.3/staging' branch; Version is '2020.3.4f1 (0abb6314276a) revision 703331'; Using compiler version '192528614'; Build Type 'Release'
OS: 'Windows 10 Home Single Language; OS build 22000.978; Version 2009; 64bit' Language: 'en' Physical Memory: 7914 MB
BatchMode: 1, IsHumanControllingUs: 0, StartBugReporterOnCrash: 0, Is64bit: 1, IsPro: 0

 COMMAND LINE ARGUMENTS:
C:\Program Files\Unity\2020.3.4f1\Editor\Unity.exe
-adb2
-batchMode
-noUpm
-name
AssetImportWorker0
-projectPath
E:/GitHub/CryptoThesis/CryptoGameThesis/GameThesis
-logFile
Logs/AssetImportWorker0.log
-srvPort
54015
Successfully changed project path to: E:/GitHub/CryptoThesis/CryptoGameThesis/GameThesis
E:/GitHub/CryptoThesis/CryptoGameThesis/GameThesis
Using Asset Import Pipeline V2.
Refreshing native plugins compatible for Editor in 70.55 ms, found 1 plugins.
Preloading 0 native plugins for Editor in 0.00 ms.
Initialize engine version: 2020.3.4f1 (0abb6314276a)
[Subsystems] Discovering subsystems at path C:/Program Files/Unity/2020.3.4f1/Editor/Data/Resources/UnitySubsystems
[Subsystems] Discovering subsystems at path E:/GitHub/CryptoThesis/CryptoGameThesis/GameThesis/Assets
GfxDevice: creating device client; threaded=0
Direct3D:
    Version:  Direct3D 11.0 [level 11.1]
    Renderer: Microsoft Basic Render Driver (ID=0x8c)
    Vendor:   
    VRAM:     3957 MB
Initialize mono
Mono path[0] = 'C:/Program Files/Unity/2020.3.4f1/Editor/Data/Managed'
Mono path[1] = 'C:/Program Files/Unity/2020.3.4f1/Editor/Data/MonoBleedingEdge/lib/mono/unityjit'
Mono config path = 'C:/Program Files/Unity/2020.3.4f1/Editor/Data/MonoBleedingEdge/etc'
Using monoOptions --debugger-agent=transport=dt_socket,embedding=1,server=y,suspend=n,address=127.0.0.1:56600
Begin MonoManager ReloadAssembly
Registering precompiled unity dll's ...
Register platform support module: C:/Program Files/Unity/2020.3.4f1/Editor/Data/PlaybackEngines/WebGLSupport/UnityEditor.WebGL.Extensions.dll
Register platform support module: C:/Program Files/Unity/2020.3.4f1/Editor/Data/PlaybackEngines/WindowsStandaloneSupport/UnityEditor.WindowsStandalone.Extensions.dll
Registered in 0.004917 seconds.
Native extension for WindowsStandalone target not found
Native extension for WebGL target not found
Refreshing native plugins compatible for Editor in 42.45 ms, found 1 plugins.
Preloading 0 native plugins for Editor in 0.00 ms.
Mono: successfully reloaded assembly
- Completed reload, in  2.459 seconds
Platform modules already initialized, skipping
Registering precompiled user dll's ...
Registered in 0.002687 seconds.
Begin MonoManager ReloadAssembly
Native extension for WindowsStandalone target not found
Native extension for WebGL target not found
Refreshing native plugins compatible for Editor in 37.14 ms, found 1 plugins.
Preloading 0 native plugins for Editor in 0.00 ms.
Mono: successfully reloaded assembly
- Completed reload, in  1.032 seconds
Platform modules already initialized, skipping
========================================================================
Worker process is ready to serve import requests
Launched and connected shader compiler UnityShaderCompiler.exe after 0.05 seconds
Refreshing native plugins compatible for Editor in 0.42 ms, found 1 plugins.
Preloading 0 native plugins for Editor in 0.00 ms.
Unloading 2108 Unused Serialized files (Serialized files now loaded: 0)
System memory in use before: 95.5 MB.
System memory in use after: 95.4 MB.

Unloading 32 unused Assets to reduce memory usage. Loaded Objects now: 2546.
Total: 1.999100 ms (FindLiveObjects: 0.178100 ms CreateObjectMapping: 0.046500 ms MarkObjects: 1.634300 ms  DeleteObjects: 0.139100 ms)

========================================================================
Received Import Request.
  path: Assets/1.GameScenes/WorldScene
  artifactKey: Guid(576a5ca531861b441a98d0eb85c15931) Importer(815301076,1909f56bfc062723c751e8b465ee728b)
Start importing Assets/1.GameScenes/WorldScene using Guid(576a5ca531861b441a98d0eb85c15931) Importer(815301076,1909f56bfc062723c751e8b465ee728b)  -> (artifact id: 'cef56f59121a2b897cba80cc5578b4b8') in 0.016169 seconds
  Import took 0.021432 seconds .

========================================================================
Received Prepare
Registering precompiled user dll's ...
Registered in 0.302649 seconds.
Begin MonoManager ReloadAssembly
Native extension for WindowsStandalone target not found
Native extension for WebGL target not found
Refreshing native plugins compatible for Editor in 0.91 ms, found 1 plugins.
Preloading 0 native plugins for Editor in 0.00 ms.
Mono: successfully reloaded assembly
- Completed reload, in  2.456 seconds
Platform modules already initialized, skipping
Refreshing native plugins compatible for Editor in 0.67 ms, found 1 plugins.
Preloading 0 native plugins for Editor in 0.00 ms.
Unloading 2098 Unused Serialized files (Serialized files now loaded: 0)
System memory in use before: 94.9 MB.
System memory in use after: 94.9 MB.

Unloading 20 unused Assets to reduce memory usage. Loaded Objects now: 2550.
Total: 7.955500 ms (FindLiveObjects: 0.484500 ms CreateObjectMapping: 0.131800 ms MarkObjects: 7.101100 ms  DeleteObjects: 0.236000 ms)

========================================================================
Received Import Request.
  Time since last request: 980.261536 seconds.
  path: Assets/Web3Unity/Scripts/Scenes/WalletLogin.cs
  artifactKey: Guid(52913904a0404486cbc6143d85432c7c) Importer(815301076,1909f56bfc062723c751e8b465ee728b)
Start importing Assets/Web3Unity/Scripts/Scenes/WalletLogin.cs using Guid(52913904a0404486cbc6143d85432c7c) Importer(815301076,1909f56bfc062723c751e8b465ee728b)  -> (artifact id: 'f83cc444b81498019a1c40750d240f03') in 0.211973 seconds
  Import took 0.355683 seconds .

========================================================================
Received Import Request.
  Time since last request: 0.293347 seconds.
  path: Assets/Web3Unity/Scripts/Scenes/WebLogin.cs
  artifactKey: Guid(afa6e5a3cdd404aeebca024db9afeae7) Importer(815301076,1909f56bfc062723c751e8b465ee728b)
Start importing Assets/Web3Unity/Scripts/Scenes/WebLogin.cs using Guid(afa6e5a3cdd404aeebca024db9afeae7) Importer(815301076,1909f56bfc062723c751e8b465ee728b)  -> (artifact id: '4d3db05f9c55755dd3d6d8272c538b24') in 0.035880 seconds
  Import took 0.041541 seconds .

========================================================================
Received Import Request.
  Time since last request: 0.001724 seconds.
  path: Assets/Web3Unity/Scripts/Scenes/WebLogin.cs
  artifactKey: Guid(afa6e5a3cdd404aeebca024db9afeae7) Importer(815301076,1909f56bfc062723c751e8b465ee728b)
Start importing Assets/Web3Unity/Scripts/Scenes/WebLogin.cs using Guid(afa6e5a3cdd404aeebca024db9afeae7) Importer(815301076,1909f56bfc062723c751e8b465ee728b)  -> (artifact id: '4d3db05f9c55755dd3d6d8272c538b24') in 0.007324 seconds
  Import took 0.036593 seconds .

========================================================================
Received Import Request.
  Time since last request: 15.585530 seconds.
  path: Assets/Web3Unity/Scripts
  artifactKey: Guid(f1488009a88fa4fed9e33fcf1790a0cd) Importer(815301076,1909f56bfc062723c751e8b465ee728b)
Start importing Assets/Web3Unity/Scripts using Guid(f1488009a88fa4fed9e33fcf1790a0cd) Importer(815301076,1909f56bfc062723c751e8b465ee728b)  -> (artifact id: 'dfb574dc6895d75bd2db1f94fa70b9fc') in 0.033094 seconds
  Import took 0.036783 seconds .

========================================================================
Received Prepare
Registering precompiled user dll's ...
Registered in 0.012142 seconds.
Begin MonoManager ReloadAssembly
Native extension for WindowsStandalone target not found
Native extension for WebGL target not found
Refreshing native plugins compatible for Editor in 0.54 ms, found 1 plugins.
Preloading 0 native plugins for Editor in 0.00 ms.
Mono: successfully reloaded assembly
- Completed reload, in  1.710 seconds
Platform modules already initialized, skipping
Refreshing native plugins compatible for Editor in 0.52 ms, found 1 plugins.
Preloading 0 native plugins for Editor in 0.00 ms.
Unloading 2098 Unused Serialized files (Serialized files now loaded: 0)
System memory in use before: 95.0 MB.
System memory in use after: 95.0 MB.

Unloading 20 unused Assets to reduce memory usage. Loaded Objects now: 2554.
Total: 10.073500 ms (FindLiveObjects: 0.853200 ms CreateObjectMapping: 0.092700 ms MarkObjects: 8.473900 ms  DeleteObjects: 0.648500 ms)

========================================================================
Received Prepare
Refreshing native plugins compatible for Editor in 11.38 ms, found 1 plugins.
Preloading 0 native plugins for Editor in 0.00 ms.
Unloading 18 Unused Serialized files (Serialized files now loaded: 0)
System memory in use before: 53.9 MB.
System memory in use after: 53.9 MB.

Unloading 18 unused Assets to reduce memory usage. Loaded Objects now: 2554.
Total: 3.189700 ms (FindLiveObjects: 0.291700 ms CreateObjectMapping: 0.186500 ms MarkObjects: 2.380500 ms  DeleteObjects: 0.328700 ms)

========================================================================
Received Prepare
Refreshing native plugins compatible for Editor in 9.01 ms, found 1 plugins.
Preloading 0 native plugins for Editor in 0.00 ms.
Unloading 18 Unused Serialized files (Serialized files now loaded: 0)
System memory in use before: 53.9 MB.
System memory in use after: 53.9 MB.

Unloading 18 unused Assets to reduce memory usage. Loaded Objects now: 2554.
Total: 2.277300 ms (FindLiveObjects: 0.255100 ms CreateObjectMapping: 0.067900 ms MarkObjects: 1.798500 ms  DeleteObjects: 0.153900 ms)

