Using pre-set license
Built from '2020.3/staging' branch; Version is '2020.3.4f1 (0abb6314276a) revision 703331'; Using compiler version '192528614'; Build Type 'Release'
OS: 'Windows 10 Home Single Language; OS build 22000.978; Version 2009; 64bit' Language: 'en' Physical Memory: 7914 MB
BatchMode: 1, IsHumanControllingUs: 0, StartBugReporterOnCrash: 0, Is64bit: 1, IsPro: 0

 COMMAND LINE ARGUMENTS:
C:\Program Files\Unity\2020.3.4f1\Editor\Unity.exe
-adb2
-batchMode
-noUpm
-name
AssetImportWorker0
-projectPath
E:/GitHub/CryptoThesis/CryptoGameThesis/GameThesis
-logFile
Logs/AssetImportWorker0.log
-srvPort
61855
Successfully changed project path to: E:/GitHub/CryptoThesis/CryptoGameThesis/GameThesis
E:/GitHub/CryptoThesis/CryptoGameThesis/GameThesis
Using Asset Import Pipeline V2.
Refreshing native plugins compatible for Editor in 60.83 ms, found 1 plugins.
Preloading 0 native plugins for Editor in 0.00 ms.
Initialize engine version: 2020.3.4f1 (0abb6314276a)
[Subsystems] Discovering subsystems at path C:/Program Files/Unity/2020.3.4f1/Editor/Data/Resources/UnitySubsystems
[Subsystems] Discovering subsystems at path E:/GitHub/CryptoThesis/CryptoGameThesis/GameThesis/Assets
GfxDevice: creating device client; threaded=0
Direct3D:
    Version:  Direct3D 11.0 [level 11.1]
    Renderer: NVIDIA GeForce MX330 (ID=0x1d16)
    Vendor:   
    VRAM:     1983 MB
    Driver:   31.0.15.1700
Initialize mono
Mono path[0] = 'C:/Program Files/Unity/2020.3.4f1/Editor/Data/Managed'
Mono path[1] = 'C:/Program Files/Unity/2020.3.4f1/Editor/Data/MonoBleedingEdge/lib/mono/unityjit'
Mono config path = 'C:/Program Files/Unity/2020.3.4f1/Editor/Data/MonoBleedingEdge/etc'
Using monoOptions --debugger-agent=transport=dt_socket,embedding=1,server=y,suspend=n,address=127.0.0.1:56512
Begin MonoManager ReloadAssembly
Registering precompiled unity dll's ...
Register platform support module: C:/Program Files/Unity/2020.3.4f1/Editor/Data/PlaybackEngines/WebGLSupport/UnityEditor.WebGL.Extensions.dll
Register platform support module: C:/Program Files/Unity/2020.3.4f1/Editor/Data/PlaybackEngines/WindowsStandaloneSupport/UnityEditor.WindowsStandalone.Extensions.dll
Registered in 0.008858 seconds.
Native extension for WindowsStandalone target not found
Native extension for WebGL target not found
Refreshing native plugins compatible for Editor in 66.95 ms, found 1 plugins.
Preloading 0 native plugins for Editor in 0.00 ms.
Mono: successfully reloaded assembly
- Completed reload, in  7.881 seconds
Platform modules already initialized, skipping
Registering precompiled user dll's ...
Registered in 0.015199 seconds.
Begin MonoManager ReloadAssembly
Native extension for WindowsStandalone target not found
Native extension for WebGL target not found
Refreshing native plugins compatible for Editor in 50.35 ms, found 1 plugins.
Preloading 0 native plugins for Editor in 0.00 ms.
Mono: successfully reloaded assembly
- Completed reload, in  1.353 seconds
Platform modules already initialized, skipping
========================================================================
Worker process is ready to serve import requests
Launched and connected shader compiler UnityShaderCompiler.exe after 0.08 seconds
Refreshing native plugins compatible for Editor in 1.19 ms, found 1 plugins.
Preloading 0 native plugins for Editor in 0.00 ms.
Unloading 2108 Unused Serialized files (Serialized files now loaded: 0)
System memory in use before: 95.3 MB.
System memory in use after: 95.2 MB.

Unloading 32 unused Assets to reduce memory usage. Loaded Objects now: 2544.
Total: 3.347700 ms (FindLiveObjects: 0.244200 ms CreateObjectMapping: 0.055700 ms MarkObjects: 2.727700 ms  DeleteObjects: 0.318900 ms)

========================================================================
Received Import Request.
  path: Assets/1.GameScenes/WorldScene/HeroesManager.unity
  artifactKey: Guid(5b3216529f1c0fd45aefdf4441b503f3) Importer(815301076,1909f56bfc062723c751e8b465ee728b)
Start importing Assets/1.GameScenes/WorldScene/HeroesManager.unity using Guid(5b3216529f1c0fd45aefdf4441b503f3) Importer(815301076,1909f56bfc062723c751e8b465ee728b)  -> (artifact id: '0338118e5b13c41c589fb4e76181fac5') in 0.047432 seconds
  Import took 0.054662 seconds .

========================================================================
Received Import Request.
  Time since last request: 8.705797 seconds.
  path: ProjectSettings/TagManager.asset
  artifactKey: Guid(00000000000000003000000000000000) Importer(815301076,1909f56bfc062723c751e8b465ee728b)
Start importing ProjectSettings/TagManager.asset using Guid(00000000000000003000000000000000) Importer(815301076,1909f56bfc062723c751e8b465ee728b)  -> (artifact id: '412dcb57b31f49cb50955ec4e4cd9f98') in 0.050077 seconds
  Import took 0.056547 seconds .

========================================================================
Received Import Request.
  Time since last request: 0.008814 seconds.
  path: ProjectSettings/TagManager.asset
  artifactKey: Guid(00000000000000003000000000000000) Importer(815301076,1909f56bfc062723c751e8b465ee728b)
Start importing ProjectSettings/TagManager.asset using Guid(00000000000000003000000000000000) Importer(815301076,1909f56bfc062723c751e8b465ee728b)  -> (artifact id: '412dcb57b31f49cb50955ec4e4cd9f98') in 0.004734 seconds
  Import took 0.011762 seconds .

========================================================================
Received Import Request.
  Time since last request: 64.931094 seconds.
  path: Assets/1.GameScenes/WorldScene/WorldScene.unity
  artifactKey: Guid(3b8be86a74e3ef6419848e9a39f15c94) Importer(815301076,1909f56bfc062723c751e8b465ee728b)
Start importing Assets/1.GameScenes/WorldScene/WorldScene.unity using Guid(3b8be86a74e3ef6419848e9a39f15c94) Importer(815301076,1909f56bfc062723c751e8b465ee728b)  -> (artifact id: 'dc18604ad12ec19b8b6045ccd7cacb9c') in 0.018687 seconds
  Import took 0.029930 seconds .

========================================================================
Received Import Request.
  Time since last request: 11.207287 seconds.
  path: Assets/1.GameScenes/WorldScene/LoginScene.unity
  artifactKey: Guid(7c6fce5a7860f584f9aa4df0eef43de5) Importer(815301076,1909f56bfc062723c751e8b465ee728b)
Start importing Assets/1.GameScenes/WorldScene/LoginScene.unity using Guid(7c6fce5a7860f584f9aa4df0eef43de5) Importer(815301076,1909f56bfc062723c751e8b465ee728b)  -> (artifact id: 'b14e5abf0d80e81fac53eac96047a573') in 0.012543 seconds
  Import took 0.018567 seconds .

========================================================================
Received Import Request.
  Time since last request: 11.223333 seconds.
  path: Assets/1.GameScenes/TreasureHuntMode/TreasureHunt.unity
  artifactKey: Guid(a5c8a8a8a73854642ba082666e60f33b) Importer(815301076,1909f56bfc062723c751e8b465ee728b)
Start importing Assets/1.GameScenes/TreasureHuntMode/TreasureHunt.unity using Guid(a5c8a8a8a73854642ba082666e60f33b) Importer(815301076,1909f56bfc062723c751e8b465ee728b)  -> (artifact id: 'f7b64cedeaf00a47e0bb340ea2cb274e') in 0.012505 seconds
  Import took 0.017990 seconds .

========================================================================
Received Import Request.
  Time since last request: 13.648244 seconds.
  path: Assets/1.GameScenes/TreasureHuntMode/AnimatedTiles/BoxTile.asset
  artifactKey: Guid(ec0f02c405574c64fbd1baecba07ee9f) Importer(815301076,1909f56bfc062723c751e8b465ee728b)
Start importing Assets/1.GameScenes/TreasureHuntMode/AnimatedTiles/BoxTile.asset using Guid(ec0f02c405574c64fbd1baecba07ee9f) Importer(815301076,1909f56bfc062723c751e8b465ee728b)  -> (artifact id: '82c64d18a7f35dfbbf53b7a7ea7701d1') in 0.007745 seconds
  Import took 0.012209 seconds .

========================================================================
Received Import Request.
  Time since last request: 0.000461 seconds.
  path: Assets/1.GameScenes/TreasureHuntMode/AnimatedTiles/TorchTile.asset
  artifactKey: Guid(66b7af2c28b13044592d7c5859a8e14f) Importer(815301076,1909f56bfc062723c751e8b465ee728b)
Start importing Assets/1.GameScenes/TreasureHuntMode/AnimatedTiles/TorchTile.asset using Guid(66b7af2c28b13044592d7c5859a8e14f) Importer(815301076,1909f56bfc062723c751e8b465ee728b)  -> (artifact id: '721c7c828457267e7bb122e7287040d3') in 0.016767 seconds
  Import took 0.021319 seconds .

========================================================================
Received Import Request.
  Time since last request: 0.000565 seconds.
  path: Assets/1.GameScenes/TreasureHuntMode/AnimatedTiles/floorTile.asset
  artifactKey: Guid(f344813c019a19943b55bede3aa7093d) Importer(815301076,1909f56bfc062723c751e8b465ee728b)
Start importing Assets/1.GameScenes/TreasureHuntMode/AnimatedTiles/floorTile.asset using Guid(f344813c019a19943b55bede3aa7093d) Importer(815301076,1909f56bfc062723c751e8b465ee728b)  -> (artifact id: '781f77502dc127b343b4b0fe2e05b891') in 0.013838 seconds
  Import took 0.017017 seconds .

========================================================================
Received Import Request.
  Time since last request: 1.426090 seconds.
  path: Assets/1.GameScenes/TreasureHuntMode/Sprites/resources/Animations/Torch1.png
  artifactKey: Guid(3f26e1b2b2a11c441bff8913965a5bce) Importer(815301076,1909f56bfc062723c751e8b465ee728b)
Start importing Assets/1.GameScenes/TreasureHuntMode/Sprites/resources/Animations/Torch1.png using Guid(3f26e1b2b2a11c441bff8913965a5bce) Importer(815301076,1909f56bfc062723c751e8b465ee728b)  -> (artifact id: '1a1e7ecea34344a3b599ab697f3db796') in 0.137950 seconds
  Import took 0.142182 seconds .

========================================================================
Received Import Request.
  Time since last request: 0.000473 seconds.
  path: Assets/1.GameScenes/TreasureHuntMode/Sprites/resources/Animations/Torch4.png
  artifactKey: Guid(1f7655cabe2d34a4cbe7384c0d796c42) Importer(815301076,1909f56bfc062723c751e8b465ee728b)
Start importing Assets/1.GameScenes/TreasureHuntMode/Sprites/resources/Animations/Torch4.png using Guid(1f7655cabe2d34a4cbe7384c0d796c42) Importer(815301076,1909f56bfc062723c751e8b465ee728b)  -> (artifact id: '449fb497958eb1db60c4cfa5ed745865') in 0.029823 seconds
  Import took 0.034963 seconds .

========================================================================
Received Import Request.
  Time since last request: 0.000732 seconds.
  path: Assets/1.GameScenes/TreasureHuntMode/Sprites/resources/Animations/Torch1.png
  artifactKey: Guid(3f26e1b2b2a11c441bff8913965a5bce) Importer(815301076,1909f56bfc062723c751e8b465ee728b)
Start importing Assets/1.GameScenes/TreasureHuntMode/Sprites/resources/Animations/Torch1.png using Guid(3f26e1b2b2a11c441bff8913965a5bce) Importer(815301076,1909f56bfc062723c751e8b465ee728b)  -> (artifact id: '1a1e7ecea34344a3b599ab697f3db796') in 0.034304 seconds
  Import took 0.039052 seconds .

========================================================================
Received Import Request.
  Time since last request: 0.000685 seconds.
  path: Assets/1.GameScenes/TreasureHuntMode/Sprites/resources/Animations/Torch3.png
  artifactKey: Guid(d8d8a5879c5dfcc43a3b53bc635da03c) Importer(815301076,1909f56bfc062723c751e8b465ee728b)
Start importing Assets/1.GameScenes/TreasureHuntMode/Sprites/resources/Animations/Torch3.png using Guid(d8d8a5879c5dfcc43a3b53bc635da03c) Importer(815301076,1909f56bfc062723c751e8b465ee728b)  -> (artifact id: 'af7c52afc8e7a75ce46b61cfa12d8fcc') in 0.039705 seconds
  Import took 0.044771 seconds .

========================================================================
Received Import Request.
  Time since last request: 0.000497 seconds.
  path: Assets/1.GameScenes/TreasureHuntMode/Sprites/resources/Animations/Torch2.png
  artifactKey: Guid(96f095f009a86ee42964a43052468529) Importer(815301076,1909f56bfc062723c751e8b465ee728b)
Start importing Assets/1.GameScenes/TreasureHuntMode/Sprites/resources/Animations/Torch2.png using Guid(96f095f009a86ee42964a43052468529) Importer(815301076,1909f56bfc062723c751e8b465ee728b)  -> (artifact id: 'e850fd4df7db4cf519657638959bf353') in 0.028018 seconds
  Import took 0.032218 seconds .

========================================================================
Received Import Request.
  Time since last request: 0.512530 seconds.
  path: Assets/1.GameScenes/TreasureHuntMode/Sprites/resources/Img/Floor.png
  artifactKey: Guid(e724e11104f53694bb420fc0be88b4ff) Importer(815301076,1909f56bfc062723c751e8b465ee728b)
Start importing Assets/1.GameScenes/TreasureHuntMode/Sprites/resources/Img/Floor.png using Guid(e724e11104f53694bb420fc0be88b4ff) Importer(815301076,1909f56bfc062723c751e8b465ee728b)  -> (artifact id: '4bb9608d430b718d0a726db4e6b3ddc5') in 0.020079 seconds
  Import took 0.026010 seconds .

========================================================================
Received Import Request.
  Time since last request: 0.015159 seconds.
  path: Assets/1.GameScenes/TreasureHuntMode/Sprites/resources/Img/Floor.png
  artifactKey: Guid(e724e11104f53694bb420fc0be88b4ff) Importer(815301076,1909f56bfc062723c751e8b465ee728b)
Start importing Assets/1.GameScenes/TreasureHuntMode/Sprites/resources/Img/Floor.png using Guid(e724e11104f53694bb420fc0be88b4ff) Importer(815301076,1909f56bfc062723c751e8b465ee728b)  -> (artifact id: '4bb9608d430b718d0a726db4e6b3ddc5') in 0.010257 seconds
  Import took 0.014229 seconds .

========================================================================
Received Import Request.
  Time since last request: 0.650625 seconds.
  path: Assets/1.GameScenes/TreasureHuntMode/Sprites/resources/Img/Box.png
  artifactKey: Guid(099384576aa8337478e0873c72e858ba) Importer(815301076,1909f56bfc062723c751e8b465ee728b)
Start importing Assets/1.GameScenes/TreasureHuntMode/Sprites/resources/Img/Box.png using Guid(099384576aa8337478e0873c72e858ba) Importer(815301076,1909f56bfc062723c751e8b465ee728b)  -> (artifact id: '4d52f635bbfe54ff3c272f7681bcba61') in 0.019435 seconds
  Import took 0.023811 seconds .

========================================================================
Received Import Request.
  Time since last request: 25.092352 seconds.
  path: Assets/1.GameScenes/WorldScene/WorldScene.unity
  artifactKey: Guid(3b8be86a74e3ef6419848e9a39f15c94) Importer(815301076,1909f56bfc062723c751e8b465ee728b)
Start importing Assets/1.GameScenes/WorldScene/WorldScene.unity using Guid(3b8be86a74e3ef6419848e9a39f15c94) Importer(815301076,1909f56bfc062723c751e8b465ee728b)  -> (artifact id: '616721d7cd8ec5bbc4ecb84fe2460b03') in 0.003434 seconds
  Import took 0.007700 seconds .

========================================================================
Received Import Request.
  Time since last request: 0.009713 seconds.
  path: Assets/1.GameScenes/WorldScene/WorldScene.unity
  artifactKey: Guid(3b8be86a74e3ef6419848e9a39f15c94) Importer(815301076,1909f56bfc062723c751e8b465ee728b)
Start importing Assets/1.GameScenes/WorldScene/WorldScene.unity using Guid(3b8be86a74e3ef6419848e9a39f15c94) Importer(815301076,1909f56bfc062723c751e8b465ee728b)  -> (artifact id: '616721d7cd8ec5bbc4ecb84fe2460b03') in 0.002712 seconds
  Import took 0.008483 seconds .

========================================================================
Received Prepare
Registering precompiled user dll's ...
Registered in 0.005989 seconds.
Begin MonoManager ReloadAssembly
Native extension for WindowsStandalone target not found
Native extension for WebGL target not found
Refreshing native plugins compatible for Editor in 0.65 ms, found 1 plugins.
Preloading 0 native plugins for Editor in 0.00 ms.
Mono: successfully reloaded assembly
- Completed reload, in  0.937 seconds
Platform modules already initialized, skipping
Refreshing native plugins compatible for Editor in 0.47 ms, found 1 plugins.
Preloading 0 native plugins for Editor in 0.00 ms.
Unloading 2098 Unused Serialized files (Serialized files now loaded: 0)
System memory in use before: 97.7 MB.
System memory in use after: 97.7 MB.

Unloading 22 unused Assets to reduce memory usage. Loaded Objects now: 2557.
Total: 2.901900 ms (FindLiveObjects: 0.181200 ms CreateObjectMapping: 0.042800 ms MarkObjects: 2.554000 ms  DeleteObjects: 0.122400 ms)

========================================================================
Received Import Request.
  Time since last request: 22.753103 seconds.
  path: Assets/1.GameScenes/WorldScene/LoginScene.unity
  artifactKey: Guid(7c6fce5a7860f584f9aa4df0eef43de5) Importer(815301076,1909f56bfc062723c751e8b465ee728b)
Start importing Assets/1.GameScenes/WorldScene/LoginScene.unity using Guid(7c6fce5a7860f584f9aa4df0eef43de5) Importer(815301076,1909f56bfc062723c751e8b465ee728b)  -> (artifact id: '1936681dc16047d8c3368c1ddb2b1c1b') in 0.017324 seconds
  Import took 0.020885 seconds .

========================================================================
Received Import Request.
  Time since last request: 20.831575 seconds.
  path: Assets/1.GameScenes/WorldScene/HeroesManager.unity
  artifactKey: Guid(5b3216529f1c0fd45aefdf4441b503f3) Importer(815301076,1909f56bfc062723c751e8b465ee728b)
Start importing Assets/1.GameScenes/WorldScene/HeroesManager.unity using Guid(5b3216529f1c0fd45aefdf4441b503f3) Importer(815301076,1909f56bfc062723c751e8b465ee728b)  -> (artifact id: 'e706b44fc91b6b542c30751f2646c361') in 0.004015 seconds
  Import took 0.009331 seconds .

========================================================================
Received Import Request.
  Time since last request: 9.147138 seconds.
  path: Assets/1.GameScenes/TreasureHuntMode/TreasureHunt.unity
  artifactKey: Guid(a5c8a8a8a73854642ba082666e60f33b) Importer(815301076,1909f56bfc062723c751e8b465ee728b)
Start importing Assets/1.GameScenes/TreasureHuntMode/TreasureHunt.unity using Guid(a5c8a8a8a73854642ba082666e60f33b) Importer(815301076,1909f56bfc062723c751e8b465ee728b)  -> (artifact id: 'f6488dd705c36372c91d46a5017219f8') in 0.004211 seconds
  Import took 0.011007 seconds .

========================================================================
Received Prepare
Registering precompiled user dll's ...
Registered in 0.002600 seconds.
Begin MonoManager ReloadAssembly
Native extension for WindowsStandalone target not found
Native extension for WebGL target not found
Refreshing native plugins compatible for Editor in 0.80 ms, found 1 plugins.
Preloading 0 native plugins for Editor in 0.00 ms.
Mono: successfully reloaded assembly
- Completed reload, in  1.036 seconds
Platform modules already initialized, skipping
Refreshing native plugins compatible for Editor in 0.55 ms, found 1 plugins.
Preloading 0 native plugins for Editor in 0.00 ms.
Unloading 2098 Unused Serialized files (Serialized files now loaded: 0)
System memory in use before: 97.8 MB.
System memory in use after: 97.8 MB.

Unloading 20 unused Assets to reduce memory usage. Loaded Objects now: 2561.
Total: 2.058600 ms (FindLiveObjects: 0.262900 ms CreateObjectMapping: 0.055500 ms MarkObjects: 1.626900 ms  DeleteObjects: 0.112200 ms)

========================================================================
Received Prepare
Registering precompiled user dll's ...
Registered in 0.013649 seconds.
Begin MonoManager ReloadAssembly
Native extension for WindowsStandalone target not found
Native extension for WebGL target not found
Refreshing native plugins compatible for Editor in 0.98 ms, found 1 plugins.
Preloading 0 native plugins for Editor in 0.00 ms.
