Using pre-set license
Built from '2020.3/staging' branch; Version is '2020.3.4f1 (0abb6314276a) revision 703331'; Using compiler version '192528614'; Build Type 'Release'
OS: 'Windows 10 Home Single Language; OS build 22000.978; Version 2009; 64bit' Language: 'en' Physical Memory: 7914 MB
BatchMode: 1, IsHumanControllingUs: 0, StartBugReporterOnCrash: 0, Is64bit: 1, IsPro: 0

 COMMAND LINE ARGUMENTS:
C:\Program Files\Unity\2020.3.4f1\Editor\Unity.exe
-adb2
-batchMode
-noUpm
-name
AssetImportWorker1
-projectPath
E:/GitHub/CryptoThesis/CryptoGameThesis/GameThesis
-logFile
Logs/AssetImportWorker1.log
-srvPort
50459
Successfully changed project path to: E:/GitHub/CryptoThesis/CryptoGameThesis/GameThesis
E:/GitHub/CryptoThesis/CryptoGameThesis/GameThesis
Using Asset Import Pipeline V2.
Refreshing native plugins compatible for Editor in 49.94 ms, found 1 plugins.
Preloading 0 native plugins for Editor in 0.00 ms.
Initialize engine version: 2020.3.4f1 (0abb6314276a)
[Subsystems] Discovering subsystems at path C:/Program Files/Unity/2020.3.4f1/Editor/Data/Resources/UnitySubsystems
[Subsystems] Discovering subsystems at path E:/GitHub/CryptoThesis/CryptoGameThesis/GameThesis/Assets
GfxDevice: creating device client; threaded=0
Direct3D:
    Version:  Direct3D 11.0 [level 11.1]
    Renderer: NVIDIA GeForce MX330 (ID=0x1d16)
    Vendor:   
    VRAM:     1983 MB
    Driver:   31.0.15.1700
Initialize mono
Mono path[0] = 'C:/Program Files/Unity/2020.3.4f1/Editor/Data/Managed'
Mono path[1] = 'C:/Program Files/Unity/2020.3.4f1/Editor/Data/MonoBleedingEdge/lib/mono/unityjit'
Mono config path = 'C:/Program Files/Unity/2020.3.4f1/Editor/Data/MonoBleedingEdge/etc'
Using monoOptions --debugger-agent=transport=dt_socket,embedding=1,server=y,suspend=n,address=127.0.0.1:56980
Begin MonoManager ReloadAssembly
Registering precompiled unity dll's ...
Register platform support module: C:/Program Files/Unity/2020.3.4f1/Editor/Data/PlaybackEngines/WebGLSupport/UnityEditor.WebGL.Extensions.dll
Register platform support module: C:/Program Files/Unity/2020.3.4f1/Editor/Data/PlaybackEngines/WindowsStandaloneSupport/UnityEditor.WindowsStandalone.Extensions.dll
Registered in 0.002827 seconds.
Native extension for WindowsStandalone target not found
Native extension for WebGL target not found
Refreshing native plugins compatible for Editor in 67.18 ms, found 1 plugins.
Preloading 0 native plugins for Editor in 0.00 ms.
Mono: successfully reloaded assembly
- Completed reload, in  1.773 seconds
Platform modules already initialized, skipping
Registering precompiled user dll's ...
Registered in 0.006846 seconds.
Begin MonoManager ReloadAssembly
Native extension for WindowsStandalone target not found
Native extension for WebGL target not found
Refreshing native plugins compatible for Editor in 68.15 ms, found 1 plugins.
Preloading 0 native plugins for Editor in 0.00 ms.
Mono: successfully reloaded assembly
- Completed reload, in  1.007 seconds
Platform modules already initialized, skipping
========================================================================
Worker process is ready to serve import requests
Launched and connected shader compiler UnityShaderCompiler.exe after 0.21 seconds
Refreshing native plugins compatible for Editor in 0.64 ms, found 1 plugins.
Preloading 0 native plugins for Editor in 0.00 ms.
Unloading 2391 Unused Serialized files (Serialized files now loaded: 0)
System memory in use before: 104.5 MB.
System memory in use after: 104.6 MB.

Unloading 39 unused Assets to reduce memory usage. Loaded Objects now: 2824.
Total: 2.878600 ms (FindLiveObjects: 0.407300 ms CreateObjectMapping: 0.124000 ms MarkObjects: 1.990500 ms  DeleteObjects: 0.355700 ms)

========================================================================
Received Import Request.
  path: Assets/1.GameScenes/Shop/Shop.unity
  artifactKey: Guid(f9f345cac410fb143883b2a969ab5236) Importer(815301076,1909f56bfc062723c751e8b465ee728b)
Start importing Assets/1.GameScenes/Shop/Shop.unity using Guid(f9f345cac410fb143883b2a969ab5236) Importer(815301076,1909f56bfc062723c751e8b465ee728b)  -> (artifact id: '56dec25ff869a83c3e5cd39dfcd0ec45') in 0.028848 seconds
  Import took 0.034459 seconds .

========================================================================
Received Import Request.
  Time since last request: 480.329997 seconds.
  path: Assets/1.GameScenes/WorldScene/WorldScene.unity
  artifactKey: Guid(3b8be86a74e3ef6419848e9a39f15c94) Importer(815301076,1909f56bfc062723c751e8b465ee728b)
Start importing Assets/1.GameScenes/WorldScene/WorldScene.unity using Guid(3b8be86a74e3ef6419848e9a39f15c94) Importer(815301076,1909f56bfc062723c751e8b465ee728b)  -> (artifact id: '5ff49ff73f9beb2fb835828a07b1d275') in 0.019601 seconds
  Import took 0.025729 seconds .

========================================================================
Received Prepare
Registering precompiled user dll's ...
Registered in 0.021944 seconds.
Begin MonoManager ReloadAssembly
Native extension for WindowsStandalone target not found
Native extension for WebGL target not found
Refreshing native plugins compatible for Editor in 1.27 ms, found 1 plugins.
Preloading 0 native plugins for Editor in 0.00 ms.
Mono: successfully reloaded assembly
- Completed reload, in  2.013 seconds
Platform modules already initialized, skipping
Refreshing native plugins compatible for Editor in 8.25 ms, found 1 plugins.
Preloading 0 native plugins for Editor in 0.00 ms.
Unloading 2380 Unused Serialized files (Serialized files now loaded: 0)
System memory in use before: 104.0 MB.
System memory in use after: 104.1 MB.

Unloading 26 unused Assets to reduce memory usage. Loaded Objects now: 2829.
Total: 5.124700 ms (FindLiveObjects: 0.464900 ms CreateObjectMapping: 0.123900 ms MarkObjects: 4.244600 ms  DeleteObjects: 0.286200 ms)

========================================================================
Received Prepare
Registering precompiled user dll's ...
Registered in 0.011559 seconds.
Begin MonoManager ReloadAssembly
Native extension for WindowsStandalone target not found
Native extension for WebGL target not found
Refreshing native plugins compatible for Editor in 1.14 ms, found 1 plugins.
Preloading 0 native plugins for Editor in 0.00 ms.
Mono: successfully reloaded assembly
- Completed reload, in  1.600 seconds
Platform modules already initialized, skipping
Refreshing native plugins compatible for Editor in 1.57 ms, found 1 plugins.
Preloading 0 native plugins for Editor in 0.00 ms.
Unloading 2380 Unused Serialized files (Serialized files now loaded: 0)
System memory in use before: 104.1 MB.
System memory in use after: 104.1 MB.

Unloading 26 unused Assets to reduce memory usage. Loaded Objects now: 2834.
Total: 4.681600 ms (FindLiveObjects: 0.398100 ms CreateObjectMapping: 0.179800 ms MarkObjects: 3.656000 ms  DeleteObjects: 0.445100 ms)

========================================================================
Received Import Request.
  Time since last request: 1625.646780 seconds.
  path: Assets/1.GameScenes/Shop/Scripts/ShopConfirmPanel.cs
  artifactKey: Guid(b2826763835932b4fb802ce6163b5a30) Importer(815301076,1909f56bfc062723c751e8b465ee728b)
Start importing Assets/1.GameScenes/Shop/Scripts/ShopConfirmPanel.cs using Guid(b2826763835932b4fb802ce6163b5a30) Importer(815301076,1909f56bfc062723c751e8b465ee728b)  -> (artifact id: '2abbeaab20f6db0ca9963ae9df566ec9') in 0.188308 seconds
  Import took 0.318705 seconds .

========================================================================
Received Import Request.
  Time since last request: 0.815393 seconds.
  path: Assets/1.GameScenes/Shop/Scripts/ShopItem.cs
  artifactKey: Guid(83c9dd9f3a96c2043a30a6df17782093) Importer(815301076,1909f56bfc062723c751e8b465ee728b)
Start importing Assets/1.GameScenes/Shop/Scripts/ShopItem.cs using Guid(83c9dd9f3a96c2043a30a6df17782093) Importer(815301076,1909f56bfc062723c751e8b465ee728b)  -> (artifact id: 'ba00f24cbb44b7b6ab5aa85c06b2dd7f') in 0.015755 seconds
  Import took 0.022383 seconds .

========================================================================
Received Prepare
Registering precompiled user dll's ...
Registered in 0.025608 seconds.
Begin MonoManager ReloadAssembly
Native extension for WindowsStandalone target not found
Native extension for WebGL target not found
Refreshing native plugins compatible for Editor in 1.12 ms, found 1 plugins.
Preloading 0 native plugins for Editor in 0.00 ms.
Mono: successfully reloaded assembly
- Completed reload, in  5.286 seconds
Platform modules already initialized, skipping
Refreshing native plugins compatible for Editor in 1.06 ms, found 1 plugins.
Preloading 0 native plugins for Editor in 0.00 ms.
Unloading 2394 Unused Serialized files (Serialized files now loaded: 0)
System memory in use before: 106.1 MB.
System memory in use after: 105.5 MB.

Unloading 39 unused Assets to reduce memory usage. Loaded Objects now: 2840.
Total: 14.824200 ms (FindLiveObjects: 1.069500 ms CreateObjectMapping: 0.294900 ms MarkObjects: 11.769100 ms  DeleteObjects: 1.685500 ms)

========================================================================
Received Prepare
Registering precompiled user dll's ...
Registered in 0.010263 seconds.
Begin MonoManager ReloadAssembly
Native extension for WindowsStandalone target not found
Native extension for WebGL target not found
Refreshing native plugins compatible for Editor in 0.77 ms, found 1 plugins.
Preloading 0 native plugins for Editor in 0.00 ms.
Mono: successfully reloaded assembly
- Completed reload, in  1.593 seconds
Platform modules already initialized, skipping
Refreshing native plugins compatible for Editor in 0.72 ms, found 1 plugins.
Preloading 0 native plugins for Editor in 0.00 ms.
Unloading 2394 Unused Serialized files (Serialized files now loaded: 0)
System memory in use before: 106.1 MB.
System memory in use after: 105.5 MB.

Unloading 39 unused Assets to reduce memory usage. Loaded Objects now: 2845.
Total: 13.037600 ms (FindLiveObjects: 0.999900 ms CreateObjectMapping: 0.176500 ms MarkObjects: 10.603000 ms  DeleteObjects: 1.254500 ms)

========================================================================
Received Import Request.
  Time since last request: 339.967780 seconds.
  path: Assets/1.GameScenes/Shop/Scripts/ShopConfirmPanel.cs
  artifactKey: Guid(b2826763835932b4fb802ce6163b5a30) Importer(815301076,1909f56bfc062723c751e8b465ee728b)
Start importing Assets/1.GameScenes/Shop/Scripts/ShopConfirmPanel.cs using Guid(b2826763835932b4fb802ce6163b5a30) Importer(815301076,1909f56bfc062723c751e8b465ee728b)  -> (artifact id: 'ba2c9f149a4daa0c018bc8e727fbd433') in 0.016160 seconds
  Import took 0.028357 seconds .

========================================================================
Received Prepare
Registering precompiled user dll's ...
Registered in 0.034254 seconds.
Begin MonoManager ReloadAssembly
Native extension for WindowsStandalone target not found
Native extension for WebGL target not found
Refreshing native plugins compatible for Editor in 1.19 ms, found 1 plugins.
Preloading 0 native plugins for Editor in 0.00 ms.
Mono: successfully reloaded assembly
- Completed reload, in  1.827 seconds
Platform modules already initialized, skipping
Refreshing native plugins compatible for Editor in 1.15 ms, found 1 plugins.
Preloading 0 native plugins for Editor in 0.00 ms.
Unloading 2394 Unused Serialized files (Serialized files now loaded: 0)
System memory in use before: 106.0 MB.
System memory in use after: 105.5 MB.

Unloading 39 unused Assets to reduce memory usage. Loaded Objects now: 2850.
Total: 14.050400 ms (FindLiveObjects: 1.620700 ms CreateObjectMapping: 0.212100 ms MarkObjects: 10.985300 ms  DeleteObjects: 1.228800 ms)

========================================================================
Received Prepare
Registering precompiled user dll's ...
Registered in 0.014172 seconds.
Begin MonoManager ReloadAssembly
Native extension for WindowsStandalone target not found
Native extension for WebGL target not found
Refreshing native plugins compatible for Editor in 0.89 ms, found 1 plugins.
Preloading 0 native plugins for Editor in 0.00 ms.
Mono: successfully reloaded assembly
- Completed reload, in  1.688 seconds
Platform modules already initialized, skipping
Refreshing native plugins compatible for Editor in 0.69 ms, found 1 plugins.
Preloading 0 native plugins for Editor in 0.00 ms.
Unloading 2394 Unused Serialized files (Serialized files now loaded: 0)
System memory in use before: 106.1 MB.
System memory in use after: 105.6 MB.

Unloading 39 unused Assets to reduce memory usage. Loaded Objects now: 2855.
Total: 3.187500 ms (FindLiveObjects: 0.232700 ms CreateObjectMapping: 0.083100 ms MarkObjects: 2.133600 ms  DeleteObjects: 0.736900 ms)

========================================================================
Received Prepare
Registering precompiled user dll's ...
Registered in 0.017052 seconds.
Begin MonoManager ReloadAssembly
Native extension for WindowsStandalone target not found
Native extension for WebGL target not found
Refreshing native plugins compatible for Editor in 0.52 ms, found 1 plugins.
Preloading 0 native plugins for Editor in 0.00 ms.
Mono: successfully reloaded assembly
- Completed reload, in  1.217 seconds
Platform modules already initialized, skipping
Refreshing native plugins compatible for Editor in 0.57 ms, found 1 plugins.
Preloading 0 native plugins for Editor in 0.00 ms.
Unloading 2394 Unused Serialized files (Serialized files now loaded: 0)
System memory in use before: 106.1 MB.
System memory in use after: 105.6 MB.

Unloading 39 unused Assets to reduce memory usage. Loaded Objects now: 2860.
Total: 2.506900 ms (FindLiveObjects: 0.330300 ms CreateObjectMapping: 0.118900 ms MarkObjects: 1.691400 ms  DeleteObjects: 0.364500 ms)

========================================================================
Received Prepare
Registering precompiled user dll's ...
Registered in 0.017729 seconds.
Begin MonoManager ReloadAssembly
Native extension for WindowsStandalone target not found
Native extension for WebGL target not found
Refreshing native plugins compatible for Editor in 0.49 ms, found 1 plugins.
Preloading 0 native plugins for Editor in 0.00 ms.
Mono: successfully reloaded assembly
- Completed reload, in  1.246 seconds
Platform modules already initialized, skipping
Refreshing native plugins compatible for Editor in 0.52 ms, found 1 plugins.
Preloading 0 native plugins for Editor in 0.00 ms.
Unloading 2394 Unused Serialized files (Serialized files now loaded: 0)
System memory in use before: 106.2 MB.
System memory in use after: 105.6 MB.

Unloading 39 unused Assets to reduce memory usage. Loaded Objects now: 2865.
Total: 4.290500 ms (FindLiveObjects: 0.453900 ms CreateObjectMapping: 0.165000 ms MarkObjects: 3.293600 ms  DeleteObjects: 0.376200 ms)

========================================================================
Received Prepare
Registering precompiled user dll's ...
Registered in 0.017309 seconds.
Begin MonoManager ReloadAssembly
Native extension for WindowsStandalone target not found
Native extension for WebGL target not found
Refreshing native plugins compatible for Editor in 0.67 ms, found 1 plugins.
Preloading 0 native plugins for Editor in 0.00 ms.
Mono: successfully reloaded assembly
- Completed reload, in  1.197 seconds
Platform modules already initialized, skipping
Refreshing native plugins compatible for Editor in 0.68 ms, found 1 plugins.
Preloading 0 native plugins for Editor in 0.00 ms.
Unloading 2394 Unused Serialized files (Serialized files now loaded: 0)
System memory in use before: 106.2 MB.
System memory in use after: 105.6 MB.

Unloading 39 unused Assets to reduce memory usage. Loaded Objects now: 2870.
Total: 3.856100 ms (FindLiveObjects: 0.225800 ms CreateObjectMapping: 0.080600 ms MarkObjects: 2.887600 ms  DeleteObjects: 0.660200 ms)

========================================================================
Received Prepare
Registering precompiled user dll's ...
Registered in 0.004142 seconds.
Begin MonoManager ReloadAssembly
Native extension for WindowsStandalone target not found
Native extension for WebGL target not found
Refreshing native plugins compatible for Editor in 0.56 ms, found 1 plugins.
Preloading 0 native plugins for Editor in 0.00 ms.
Mono: successfully reloaded assembly
- Completed reload, in  1.046 seconds
Platform modules already initialized, skipping
Refreshing native plugins compatible for Editor in 0.60 ms, found 1 plugins.
Preloading 0 native plugins for Editor in 0.00 ms.
Unloading 2394 Unused Serialized files (Serialized files now loaded: 0)
System memory in use before: 106.1 MB.
System memory in use after: 105.5 MB.

Unloading 39 unused Assets to reduce memory usage. Loaded Objects now: 2875.
Total: 2.973900 ms (FindLiveObjects: 0.354700 ms CreateObjectMapping: 0.081500 ms MarkObjects: 2.140600 ms  DeleteObjects: 0.395700 ms)

========================================================================
Received Prepare
Registering precompiled user dll's ...
Registered in 0.015853 seconds.
Begin MonoManager ReloadAssembly
Native extension for WindowsStandalone target not found
Native extension for WebGL target not found
Refreshing native plugins compatible for Editor in 0.66 ms, found 1 plugins.
Preloading 0 native plugins for Editor in 0.00 ms.
Mono: successfully reloaded assembly
- Completed reload, in  1.481 seconds
Platform modules already initialized, skipping
Refreshing native plugins compatible for Editor in 0.56 ms, found 1 plugins.
Preloading 0 native plugins for Editor in 0.00 ms.
Unloading 2394 Unused Serialized files (Serialized files now loaded: 0)
System memory in use before: 106.3 MB.
System memory in use after: 105.7 MB.

Unloading 39 unused Assets to reduce memory usage. Loaded Objects now: 2880.
Total: 2.730200 ms (FindLiveObjects: 0.239000 ms CreateObjectMapping: 0.071800 ms MarkObjects: 1.991700 ms  DeleteObjects: 0.426000 ms)

========================================================================
Received Import Request.
  Time since last request: 3922.168532 seconds.
  path: Assets/Web3Unity/Scripts/Prefabs/Minter/Model/BuyNFT.cs
  artifactKey: Guid(e3cbf9f330f4b27438721114c80721ea) Importer(815301076,1909f56bfc062723c751e8b465ee728b)
Start importing Assets/Web3Unity/Scripts/Prefabs/Minter/Model/BuyNFT.cs using Guid(e3cbf9f330f4b27438721114c80721ea) Importer(815301076,1909f56bfc062723c751e8b465ee728b)  -> (artifact id: '2f0a87dc6b6bc1ff355cfc4a89c5d3a2') in 0.024219 seconds
  Import took 0.034958 seconds .

========================================================================
Received Import Request.
  Time since last request: 30.533211 seconds.
  path: Assets/Web3Unity/Scripts/Prefabs/Minter/ListNFTWebGL.cs
  artifactKey: Guid(dd208d310cc4d2044924598d230f8f86) Importer(815301076,1909f56bfc062723c751e8b465ee728b)
Start importing Assets/Web3Unity/Scripts/Prefabs/Minter/ListNFTWebGL.cs using Guid(dd208d310cc4d2044924598d230f8f86) Importer(815301076,1909f56bfc062723c751e8b465ee728b)  -> (artifact id: 'e98ad030993028d018f7637da88ed931') in 0.012341 seconds
  Import took 0.018240 seconds .

========================================================================
Received Import Request.
  Time since last request: 0.006828 seconds.
  path: Assets/Web3Unity/Scripts/Prefabs/Minter/ListNFTWebGL.cs
  artifactKey: Guid(dd208d310cc4d2044924598d230f8f86) Importer(815301076,1909f56bfc062723c751e8b465ee728b)
Start importing Assets/Web3Unity/Scripts/Prefabs/Minter/ListNFTWebGL.cs using Guid(dd208d310cc4d2044924598d230f8f86) Importer(815301076,1909f56bfc062723c751e8b465ee728b)  -> (artifact id: 'e98ad030993028d018f7637da88ed931') in 0.003836 seconds
  Import took 0.009196 seconds .

========================================================================
Received Import Request.
  Time since last request: 4.473049 seconds.
  path: Assets/Web3Unity/Scripts/Prefabs/Minter/ListNFTWebWallet.cs
  artifactKey: Guid(c24d9e426ddb1c543acdff61a6589df2) Importer(815301076,1909f56bfc062723c751e8b465ee728b)
Start importing Assets/Web3Unity/Scripts/Prefabs/Minter/ListNFTWebWallet.cs using Guid(c24d9e426ddb1c543acdff61a6589df2) Importer(815301076,1909f56bfc062723c751e8b465ee728b)  -> (artifact id: '5893c8317b5983641a48f6bafac21729') in 0.008006 seconds
  Import took 0.013401 seconds .

========================================================================
Received Import Request.
  Time since last request: 9.735508 seconds.
  path: Assets/Web3Unity/Scripts/Prefabs/Minter/MintWeb3Wallet721.cs
  artifactKey: Guid(785a5af054a848e4a93802898e155c97) Importer(815301076,1909f56bfc062723c751e8b465ee728b)
Start importing Assets/Web3Unity/Scripts/Prefabs/Minter/MintWeb3Wallet721.cs using Guid(785a5af054a848e4a93802898e155c97) Importer(815301076,1909f56bfc062723c751e8b465ee728b)  -> (artifact id: 'f201f9cbe6ef901b67852831e3f3c239') in 0.009709 seconds
  Import took 0.015726 seconds .

========================================================================
Received Import Request.
  Time since last request: 4.420050 seconds.
  path: Assets/Web3Unity/Scripts/Prefabs/Minter/MintWebGL721.cs
  artifactKey: Guid(87fb94cf6fbd5254380c5b1504ca0727) Importer(815301076,1909f56bfc062723c751e8b465ee728b)
Start importing Assets/Web3Unity/Scripts/Prefabs/Minter/MintWebGL721.cs using Guid(87fb94cf6fbd5254380c5b1504ca0727) Importer(815301076,1909f56bfc062723c751e8b465ee728b)  -> (artifact id: 'e6903c7996694904f7d9ae899cf68c0e') in 0.022242 seconds
  Import took 0.026953 seconds .

========================================================================
Received Import Request.
  Time since last request: 0.549485 seconds.
  path: Assets/Web3Unity/Scripts/Prefabs/Minter/MintWebGL1155.cs
  artifactKey: Guid(25980a61c707bb34aaae782b8182fea7) Importer(815301076,1909f56bfc062723c751e8b465ee728b)
Start importing Assets/Web3Unity/Scripts/Prefabs/Minter/MintWebGL1155.cs using Guid(25980a61c707bb34aaae782b8182fea7) Importer(815301076,1909f56bfc062723c751e8b465ee728b)  -> (artifact id: '9fef0432bc62b6d087db1e030a4b2031') in 0.011478 seconds
  Import took 0.017111 seconds .

========================================================================
Received Import Request.
  Time since last request: 31.356603 seconds.
  path: Assets/Web3Unity/Scripts/Prefabs/Minter/ChickenDemo1155VoucherMintExample.cs
  artifactKey: Guid(d2c92f0e37484b140a6b5d37975c6f08) Importer(815301076,1909f56bfc062723c751e8b465ee728b)
Start importing Assets/Web3Unity/Scripts/Prefabs/Minter/ChickenDemo1155VoucherMintExample.cs using Guid(d2c92f0e37484b140a6b5d37975c6f08) Importer(815301076,1909f56bfc062723c751e8b465ee728b)  -> (artifact id: 'e8563a12b0cf69e8225b2ea7e2e50a67') in 0.014474 seconds
  Import took 0.022184 seconds .

========================================================================
Received Import Request.
  Time since last request: 3.019142 seconds.
  path: Assets/Web3Unity/Scripts/Prefabs/Minter/MintWeb3Wallet1155.cs
  artifactKey: Guid(f530a2f3db5f5c7478b08921d42c5114) Importer(815301076,1909f56bfc062723c751e8b465ee728b)
Start importing Assets/Web3Unity/Scripts/Prefabs/Minter/MintWeb3Wallet1155.cs using Guid(f530a2f3db5f5c7478b08921d42c5114) Importer(815301076,1909f56bfc062723c751e8b465ee728b)  -> (artifact id: 'b334b135833930d69c43705741c8e0b4') in 0.010273 seconds
  Import took 0.014715 seconds .

========================================================================
Received Import Request.
  Time since last request: 0.001011 seconds.
  path: Assets/Web3Unity/Scripts/Prefabs/Minter/MintWeb3Wallet1155.cs
  artifactKey: Guid(f530a2f3db5f5c7478b08921d42c5114) Importer(815301076,1909f56bfc062723c751e8b465ee728b)
Start importing Assets/Web3Unity/Scripts/Prefabs/Minter/MintWeb3Wallet1155.cs using Guid(f530a2f3db5f5c7478b08921d42c5114) Importer(815301076,1909f56bfc062723c751e8b465ee728b)  -> (artifact id: 'b334b135833930d69c43705741c8e0b4') in 0.003966 seconds
  Import took 0.007928 seconds .

========================================================================
Received Import Request.
  Time since last request: 39.957218 seconds.
  path: Assets/Web3Unity/Scripts/Prefabs/Minter/Model
  artifactKey: Guid(20fa2aecfdbf1804e87331b4d49704eb) Importer(815301076,1909f56bfc062723c751e8b465ee728b)
Start importing Assets/Web3Unity/Scripts/Prefabs/Minter/Model using Guid(20fa2aecfdbf1804e87331b4d49704eb) Importer(815301076,1909f56bfc062723c751e8b465ee728b)  -> (artifact id: '6f2d84b87d074152a2757a9ef27fcbf6') in 0.012139 seconds
  Import took 0.019478 seconds .

========================================================================
Received Import Request.
  Time since last request: 5.784135 seconds.
  path: Assets/Web3Unity/Scripts/Prefabs/Minter/Model/CreateMintModel.cs
  artifactKey: Guid(d38e218c8c604f34b4c818c7390c9fe9) Importer(815301076,1909f56bfc062723c751e8b465ee728b)
Start importing Assets/Web3Unity/Scripts/Prefabs/Minter/Model/CreateMintModel.cs using Guid(d38e218c8c604f34b4c818c7390c9fe9) Importer(815301076,1909f56bfc062723c751e8b465ee728b)  -> (artifact id: 'bc079b3e3c03af94b029717c309380f3') in 0.010129 seconds
  Import took 0.014728 seconds .

========================================================================
Received Import Request.
  Time since last request: 0.761560 seconds.
  path: Assets/Web3Unity/Scripts/Prefabs/Minter/Model/GetNftListModel.cs
  artifactKey: Guid(f2ccfb1487e4570408e8c6d317880705) Importer(815301076,1909f56bfc062723c751e8b465ee728b)
Start importing Assets/Web3Unity/Scripts/Prefabs/Minter/Model/GetNftListModel.cs using Guid(f2ccfb1487e4570408e8c6d317880705) Importer(815301076,1909f56bfc062723c751e8b465ee728b)  -> (artifact id: 'dda64e3f98e79a0938111ffd54be59fc') in 0.011375 seconds
  Import took 0.015554 seconds .

========================================================================
Received Import Request.
  Time since last request: 1.054100 seconds.
  path: Assets/Web3Unity/Scripts/Prefabs/Minter/Model/RedeemVoucherTxModel.cs
  artifactKey: Guid(acf58a0556c359242999dd05c38765ed) Importer(815301076,1909f56bfc062723c751e8b465ee728b)
Start importing Assets/Web3Unity/Scripts/Prefabs/Minter/Model/RedeemVoucherTxModel.cs using Guid(acf58a0556c359242999dd05c38765ed) Importer(815301076,1909f56bfc062723c751e8b465ee728b)  -> (artifact id: '0707ed46acbb1b468dc9bfb1376fe582') in 0.008843 seconds
  Import took 0.013762 seconds .

========================================================================
Received Import Request.
  Time since last request: 0.476189 seconds.
  path: Assets/Web3Unity/Scripts/Prefabs/Minter/Model/MintedNFT.cs
  artifactKey: Guid(980b6ddd8e00fd24f95d5b6bd3bfe912) Importer(815301076,1909f56bfc062723c751e8b465ee728b)
Start importing Assets/Web3Unity/Scripts/Prefabs/Minter/Model/MintedNFT.cs using Guid(980b6ddd8e00fd24f95d5b6bd3bfe912) Importer(815301076,1909f56bfc062723c751e8b465ee728b)  -> (artifact id: '4355ac463593afb683664b35e230765e') in 0.010139 seconds
  Import took 0.015064 seconds .

========================================================================
Received Import Request.
  Time since last request: 0.000752 seconds.
  path: Assets/Web3Unity/Scripts/Prefabs/Minter/Model/MintedNFT.cs
  artifactKey: Guid(980b6ddd8e00fd24f95d5b6bd3bfe912) Importer(815301076,1909f56bfc062723c751e8b465ee728b)
Start importing Assets/Web3Unity/Scripts/Prefabs/Minter/Model/MintedNFT.cs using Guid(980b6ddd8e00fd24f95d5b6bd3bfe912) Importer(815301076,1909f56bfc062723c751e8b465ee728b)  -> (artifact id: '4355ac463593afb683664b35e230765e') in 0.003122 seconds
  Import took 0.007643 seconds .

========================================================================
Received Import Request.
  Time since last request: 0.637308 seconds.
  path: Assets/Web3Unity/Scripts/Prefabs/Minter/Model/ListNFT.cs
  artifactKey: Guid(aea9b22f9f1b26a48a2c326bf43192a0) Importer(815301076,1909f56bfc062723c751e8b465ee728b)
Start importing Assets/Web3Unity/Scripts/Prefabs/Minter/Model/ListNFT.cs using Guid(aea9b22f9f1b26a48a2c326bf43192a0) Importer(815301076,1909f56bfc062723c751e8b465ee728b)  -> (artifact id: '8f43dbccb25b9a8c40054b58a9226974') in 0.009206 seconds
  Import took 0.013196 seconds .

========================================================================
Received Import Request.
  Time since last request: 16.250478 seconds.
  path: Assets/Web3Unity/Scripts/Prefabs/Minter/Model/GetVoucherModel.cs
  artifactKey: Guid(919856a32e84e0440a18a3b3b78cd315) Importer(815301076,1909f56bfc062723c751e8b465ee728b)
Start importing Assets/Web3Unity/Scripts/Prefabs/Minter/Model/GetVoucherModel.cs using Guid(919856a32e84e0440a18a3b3b78cd315) Importer(815301076,1909f56bfc062723c751e8b465ee728b)  -> (artifact id: '104fdc06ea7a4295f3d8a3ae7b8a5eb5') in 0.010388 seconds
  Import took 0.014551 seconds .

========================================================================
Received Import Request.
  Time since last request: 21.472038 seconds.
  path: Assets/Web3Unity/Scripts/Prefabs/Minter/Model/GetRootNft.cs
  artifactKey: Guid(a08f7bfa9cca9644b9b6df9e04d09432) Importer(815301076,1909f56bfc062723c751e8b465ee728b)
Start importing Assets/Web3Unity/Scripts/Prefabs/Minter/Model/GetRootNft.cs using Guid(a08f7bfa9cca9644b9b6df9e04d09432) Importer(815301076,1909f56bfc062723c751e8b465ee728b)  -> (artifact id: '914953f5f9ee81589e103910a8febf4a') in 0.013605 seconds
  Import took 0.019615 seconds .

========================================================================
Received Import Request.
  Time since last request: 11.778784 seconds.
  path: Assets/Web3Unity/Scripts/Prefabs/Minter/Model/CreateRedeemVoucherModel.cs
  artifactKey: Guid(73b31cbf503057a4f8c4770016e53a97) Importer(815301076,1909f56bfc062723c751e8b465ee728b)
Start importing Assets/Web3Unity/Scripts/Prefabs/Minter/Model/CreateRedeemVoucherModel.cs using Guid(73b31cbf503057a4f8c4770016e53a97) Importer(815301076,1909f56bfc062723c751e8b465ee728b)  -> (artifact id: 'a909c9eb0e33d41b2accc19a1b275905') in 0.010847 seconds
  Import took 0.016674 seconds .

========================================================================
Received Import Request.
  Time since last request: 21.707061 seconds.
  path: Assets/Web3Unity/Scripts/Prefabs/Minter/CreateApprovalWebWallet.cs
  artifactKey: Guid(668cc0cec6fbbdb43b4a45004c327180) Importer(815301076,1909f56bfc062723c751e8b465ee728b)
Start importing Assets/Web3Unity/Scripts/Prefabs/Minter/CreateApprovalWebWallet.cs using Guid(668cc0cec6fbbdb43b4a45004c327180) Importer(815301076,1909f56bfc062723c751e8b465ee728b)  -> (artifact id: 'fcb5e423bdfbcaf3dd2b79ec288f5a13') in 0.012476 seconds
  Import took 0.017446 seconds .

========================================================================
Received Import Request.
  Time since last request: 79.389082 seconds.
  path: Assets/Web3Unity/Scripts/Prefabs/Minter/GetListedNFTWebGL.cs
  artifactKey: Guid(bb4a53530137f5e4e99a1673c9be43a9) Importer(815301076,1909f56bfc062723c751e8b465ee728b)
Start importing Assets/Web3Unity/Scripts/Prefabs/Minter/GetListedNFTWebGL.cs using Guid(bb4a53530137f5e4e99a1673c9be43a9) Importer(815301076,1909f56bfc062723c751e8b465ee728b)  -> (artifact id: 'bd2955e9a353c2ff02f46e7aec5456fa') in 0.012290 seconds
  Import took 0.019276 seconds .

========================================================================
Received Import Request.
  Time since last request: 6820.196925 seconds.
  path: Assets/Web3Unity/Scripts/Prefabs/PrivateKey/SignVerifyPK.cs
  artifactKey: Guid(f9259fdff3465734daf9219e118083ce) Importer(815301076,1909f56bfc062723c751e8b465ee728b)
Start importing Assets/Web3Unity/Scripts/Prefabs/PrivateKey/SignVerifyPK.cs using Guid(f9259fdff3465734daf9219e118083ce) Importer(815301076,1909f56bfc062723c751e8b465ee728b)  -> (artifact id: '4086b2763095186dd2b02647b43ea188') in 0.016413 seconds
  Import took 0.073365 seconds .

========================================================================
Received Import Request.
  Time since last request: 8.074237 seconds.
  path: Assets/Web3Unity/Scripts/Prefabs/PrivateKey/Web3PrivateKeyAddressExample.cs
  artifactKey: Guid(0c1eefdc9d428462eaabdc680f68fe05) Importer(815301076,1909f56bfc062723c751e8b465ee728b)
Start importing Assets/Web3Unity/Scripts/Prefabs/PrivateKey/Web3PrivateKeyAddressExample.cs using Guid(0c1eefdc9d428462eaabdc680f68fe05) Importer(815301076,1909f56bfc062723c751e8b465ee728b)  -> (artifact id: 'b4ac1c4e82b1fcd4bd83b916dc338f34') in 0.011071 seconds
  Import took 0.017344 seconds .

========================================================================
Received Import Request.
  Time since last request: 0.009932 seconds.
  path: Assets/Web3Unity/Scripts/Prefabs/PrivateKey/Web3PrivateKeyAddressExample.cs
  artifactKey: Guid(0c1eefdc9d428462eaabdc680f68fe05) Importer(815301076,1909f56bfc062723c751e8b465ee728b)
Start importing Assets/Web3Unity/Scripts/Prefabs/PrivateKey/Web3PrivateKeyAddressExample.cs using Guid(0c1eefdc9d428462eaabdc680f68fe05) Importer(815301076,1909f56bfc062723c751e8b465ee728b)  -> (artifact id: 'b4ac1c4e82b1fcd4bd83b916dc338f34') in 0.003481 seconds
  Import took 0.008631 seconds .

========================================================================
Received Import Request.
  Time since last request: 3.424324 seconds.
  path: Assets/Web3Unity/Scripts/Prefabs/PrivateKey/Web3PrivateKeySend1155Example.cs
  artifactKey: Guid(ef551a06fe1264365a5cc68b6092db91) Importer(815301076,1909f56bfc062723c751e8b465ee728b)
Start importing Assets/Web3Unity/Scripts/Prefabs/PrivateKey/Web3PrivateKeySend1155Example.cs using Guid(ef551a06fe1264365a5cc68b6092db91) Importer(815301076,1909f56bfc062723c751e8b465ee728b)  -> (artifact id: 'b7878b29c2706c594160c8c390264345') in 0.010540 seconds
  Import took 0.015309 seconds .

========================================================================
Received Import Request.
  Time since last request: 0.005473 seconds.
  path: Assets/Web3Unity/Scripts/Prefabs/PrivateKey/Web3PrivateKeySend1155Example.cs
  artifactKey: Guid(ef551a06fe1264365a5cc68b6092db91) Importer(815301076,1909f56bfc062723c751e8b465ee728b)
Start importing Assets/Web3Unity/Scripts/Prefabs/PrivateKey/Web3PrivateKeySend1155Example.cs using Guid(ef551a06fe1264365a5cc68b6092db91) Importer(815301076,1909f56bfc062723c751e8b465ee728b)  -> (artifact id: 'b7878b29c2706c594160c8c390264345') in 0.003224 seconds
  Import took 0.007122 seconds .

========================================================================
Received Import Request.
  Time since last request: 5.232840 seconds.
  path: Assets/Web3Unity/Scripts/Prefabs/PrivateKey/Web3PrivateKeySendTransactionExample.cs
  artifactKey: Guid(d87765d1397d74031bb997ad4133b6ce) Importer(815301076,1909f56bfc062723c751e8b465ee728b)
Start importing Assets/Web3Unity/Scripts/Prefabs/PrivateKey/Web3PrivateKeySendTransactionExample.cs using Guid(d87765d1397d74031bb997ad4133b6ce) Importer(815301076,1909f56bfc062723c751e8b465ee728b)  -> (artifact id: '36815d02a31985c8a2dc92d701ee0615') in 0.010552 seconds
  Import took 0.016942 seconds .

========================================================================
Received Import Request.
  Time since last request: 0.546647 seconds.
  path: Assets/Web3Unity/Scripts/Prefabs/PrivateKey/Web3PrivateKeySignMessageExample.cs
  artifactKey: Guid(31da55aad22914a83b167227a4589f6c) Importer(815301076,1909f56bfc062723c751e8b465ee728b)
Start importing Assets/Web3Unity/Scripts/Prefabs/PrivateKey/Web3PrivateKeySignMessageExample.cs using Guid(31da55aad22914a83b167227a4589f6c) Importer(815301076,1909f56bfc062723c751e8b465ee728b)  -> (artifact id: '1627d078c3da8377179bb1d2fc3dee8c') in 0.008575 seconds
  Import took 0.013460 seconds .

========================================================================
Received Import Request.
  Time since last request: 4.591130 seconds.
  path: Assets/Web3Unity/Scripts/Prefabs/Wallet/Web3WalletLogOut.cs
  artifactKey: Guid(4a372a6027936491684330010b06fd52) Importer(815301076,1909f56bfc062723c751e8b465ee728b)
Start importing Assets/Web3Unity/Scripts/Prefabs/Wallet/Web3WalletLogOut.cs using Guid(4a372a6027936491684330010b06fd52) Importer(815301076,1909f56bfc062723c751e8b465ee728b)  -> (artifact id: 'd4e27560895de5557fae780740cff056') in 0.013982 seconds
  Import took 0.020086 seconds .

========================================================================
Received Import Request.
  Time since last request: 39.303548 seconds.
  path: Assets/Web3Unity/Scripts/Prefabs/ERC721/ERC721URIExample.cs
  artifactKey: Guid(925dc0696e2c24348975c2f9c518476f) Importer(815301076,1909f56bfc062723c751e8b465ee728b)
Start importing Assets/Web3Unity/Scripts/Prefabs/ERC721/ERC721URIExample.cs using Guid(925dc0696e2c24348975c2f9c518476f) Importer(815301076,1909f56bfc062723c751e8b465ee728b)  -> (artifact id: 'eca237b05caed6206b58cdb80634d671') in 0.010770 seconds
  Import took 0.016583 seconds .

========================================================================
Received Import Request.
  Time since last request: 9.189462 seconds.
  path: Assets/Web3Unity/Scripts/Prefabs/ERC20/ERC20NameExample.cs
  artifactKey: Guid(d7387687bed044dba9f9d2bdf6a6b895) Importer(815301076,1909f56bfc062723c751e8b465ee728b)
Start importing Assets/Web3Unity/Scripts/Prefabs/ERC20/ERC20NameExample.cs using Guid(d7387687bed044dba9f9d2bdf6a6b895) Importer(815301076,1909f56bfc062723c751e8b465ee728b)  -> (artifact id: 'd249599e40c83900aad72e6e69283978') in 0.009307 seconds
  Import took 0.014116 seconds .

========================================================================
Received Import Request.
  Time since last request: 0.637988 seconds.
  path: Assets/Web3Unity/Scripts/Prefabs/ERC20/ERC20SymbolExample.cs
  artifactKey: Guid(c79c7f1d80e13484daae5e7ea00d883a) Importer(815301076,1909f56bfc062723c751e8b465ee728b)
Start importing Assets/Web3Unity/Scripts/Prefabs/ERC20/ERC20SymbolExample.cs using Guid(c79c7f1d80e13484daae5e7ea00d883a) Importer(815301076,1909f56bfc062723c751e8b465ee728b)  -> (artifact id: '97b88e2488f6e85074095053dd97cacd') in 0.011409 seconds
  Import took 0.016170 seconds .

========================================================================
Received Import Request.
  Time since last request: 0.904959 seconds.
  path: Assets/Web3Unity/Scripts/Prefabs/ERC20/ERC20TotalSupplyExample.cs
  artifactKey: Guid(38a1274a3f350490e8fc93a926c9d9f3) Importer(815301076,1909f56bfc062723c751e8b465ee728b)
Start importing Assets/Web3Unity/Scripts/Prefabs/ERC20/ERC20TotalSupplyExample.cs using Guid(38a1274a3f350490e8fc93a926c9d9f3) Importer(815301076,1909f56bfc062723c751e8b465ee728b)  -> (artifact id: '4545c8735f12447f453d098b5acaeb01') in 0.007763 seconds
  Import took 0.012173 seconds .

========================================================================
Received Import Request.
  Time since last request: 31.736814 seconds.
  path: Assets/Web3Unity/Scripts/Prefabs/WebGL/WebGLSendTransactionExample.cs
  artifactKey: Guid(5d39044a7e17140e5abc3f0bb134e195) Importer(815301076,1909f56bfc062723c751e8b465ee728b)
Start importing Assets/Web3Unity/Scripts/Prefabs/WebGL/WebGLSendTransactionExample.cs using Guid(5d39044a7e17140e5abc3f0bb134e195) Importer(815301076,1909f56bfc062723c751e8b465ee728b)  -> (artifact id: 'cd5844029f6d1cba56ae91ad218bc2a8') in 0.012697 seconds
  Import took 0.018430 seconds .

========================================================================
Received Import Request.
  Time since last request: 15.853990 seconds.
  path: Assets/Web3Unity/Prefabs/Minter/ApproveTransactionWebGL.prefab
  artifactKey: Guid(c65aefadd67db7344911b12bf20e7174) Importer(815301076,1909f56bfc062723c751e8b465ee728b)
Start importing Assets/Web3Unity/Prefabs/Minter/ApproveTransactionWebGL.prefab using Guid(c65aefadd67db7344911b12bf20e7174) Importer(815301076,1909f56bfc062723c751e8b465ee728b)  -> (artifact id: '6b9ce83de8f51333c045d07d8253e09c') in 0.648288 seconds
  Import took 0.653154 seconds .

========================================================================
Received Import Request.
  Time since last request: 2.107674 seconds.
  path: Assets/Web3Unity/Prefabs/Minter/ApproveTransactionWebWallet.prefab
  artifactKey: Guid(895f3eaa5c6bb6a449947bc0abe2bce3) Importer(815301076,1909f56bfc062723c751e8b465ee728b)
Start importing Assets/Web3Unity/Prefabs/Minter/ApproveTransactionWebWallet.prefab using Guid(895f3eaa5c6bb6a449947bc0abe2bce3) Importer(815301076,1909f56bfc062723c751e8b465ee728b)  -> (artifact id: 'ced004d5f1a6dfb73e2e04b8f89636c2') in 0.018718 seconds
  Import took 0.023309 seconds .

========================================================================
Received Import Request.
  Time since last request: 237.795987 seconds.
  path: Assets/Web3Unity/Scripts/Prefabs/IPFS/IPFSUploadExample.cs
  artifactKey: Guid(1c21d8011b8fc440b9ca370987c9b813) Importer(815301076,1909f56bfc062723c751e8b465ee728b)
Start importing Assets/Web3Unity/Scripts/Prefabs/IPFS/IPFSUploadExample.cs using Guid(1c21d8011b8fc440b9ca370987c9b813) Importer(815301076,1909f56bfc062723c751e8b465ee728b)  -> (artifact id: '156f57aa33909c9f875d1d48fd3ff3f6') in 0.010991 seconds
  Import took 0.017365 seconds .

========================================================================
Received Import Request.
  Time since last request: 6.386038 seconds.
  path: Assets/Web3Unity/Scripts/Prefabs/Minter/Model/CreateApprovalModel.cs
  artifactKey: Guid(f77d722f7b18fd44eb108d019a3432e1) Importer(815301076,1909f56bfc062723c751e8b465ee728b)
Start importing Assets/Web3Unity/Scripts/Prefabs/Minter/Model/CreateApprovalModel.cs using Guid(f77d722f7b18fd44eb108d019a3432e1) Importer(815301076,1909f56bfc062723c751e8b465ee728b)  -> (artifact id: 'f1526f336877748315256c0204cc5988') in 0.008140 seconds
  Import took 0.012472 seconds .

========================================================================
Received Import Request.
  Time since last request: 8.778709 seconds.
  path: Assets/Web3Unity/Scripts/Prefabs/Wallet/SignVerifyWebWallet.cs
  artifactKey: Guid(22b7ebb5b91e09b4fa5c2911cefd95c5) Importer(815301076,1909f56bfc062723c751e8b465ee728b)
Start importing Assets/Web3Unity/Scripts/Prefabs/Wallet/SignVerifyWebWallet.cs using Guid(22b7ebb5b91e09b4fa5c2911cefd95c5) Importer(815301076,1909f56bfc062723c751e8b465ee728b)  -> (artifact id: '23816ffc783ef19ae6b788f479753fe9') in 0.010256 seconds
  Import took 0.015883 seconds .

AssetImportWorkerClient::OnTransportError - code=2 error=End of file
